Command line invocation:
    /Applications/Xcode.app/Contents/Developer/usr/bin/xcodebuild -project Pathstitch/Pathstitch.xcodeproj -scheme Pathstitch -configuration Debug

Resolve Package Graph


Resolved source packages:
  ZIPFoundation: https://github.com/weichsel/ZIPFoundation @ 0.9.20

ComputePackagePrebuildTargetDependencyGraph

Prepare packages

CreateBuildRequest

SendProjectDescription

CreateBuildOperation

ComputeTargetDependencyGraph
note: Building targets in dependency order
note: Target dependency graph (6 targets)
    Target 'Pathstitch' in project 'Pathstitch'
        ➜ Implicit dependency on target 'DxfPreviewer' in project 'Pathstitch' via file 'DxfPreviewer.appex' in build phase 'Copy Files'
        ➜ Implicit dependency on target 'PathstitchThumbnail' in project 'Pathstitch' via file 'PathstitchThumbnail.appex' in build phase 'Copy Files'
        ➜ Explicit dependency on target 'ZIPFoundation' in project 'ZIPFoundation'
    Target 'PathstitchThumbnail' in project 'Pathstitch'
        ➜ Explicit dependency on target 'PathstitchThumbnail' in project 'Pathstitch'
        ➜ Explicit dependency on target 'ZIPFoundation' in project 'ZIPFoundation'
    Target 'ZIPFoundation' in project 'ZIPFoundation'
        ➜ Explicit dependency on target 'ZIPFoundation' in project 'ZIPFoundation'
        ➜ Explicit dependency on target 'ZIPFoundation_ZIPFoundation' in project 'ZIPFoundation'
    Target 'ZIPFoundation' in project 'ZIPFoundation'
        ➜ Explicit dependency on target 'ZIPFoundation_ZIPFoundation' in project 'ZIPFoundation'
    Target 'ZIPFoundation_ZIPFoundation' in project 'ZIPFoundation' (no dependencies)
    Target 'DxfPreviewer' in project 'Pathstitch'
        ➜ Explicit dependency on target 'DxfPreviewer' in project 'Pathstitch'

GatherProvisioningInputs

CreateBuildDescription

ExecuteExternalTool /Applications/Xcode.app/Contents/Developer/Toolchains/XcodeDefault.xctoolchain/usr/bin/swiftc --version

ExecuteExternalTool /Applications/Xcode.app/Contents/Developer/Toolchains/XcodeDefault.xctoolchain/usr/bin/clang -v -E -dM -isysroot /Applications/Xcode.app/Contents/Developer/Platforms/MacOSX.platform/Developer/SDKs/MacOSX26.5.sdk -x c -c /dev/null

ExecuteExternalTool /Applications/Xcode.app/Contents/Developer/usr/bin/actool --version --output-format xml1

ExecuteExternalTool /Applications/Xcode.app/Contents/Developer/Toolchains/XcodeDefault.xctoolchain/usr/bin/ld -version_details

Build description signature: fd60698eb262d6ff358359ac28fff960
Build description path: /Users/chen/Library/Developer/Xcode/DerivedData/Pathstitch-ghqcdjgodjjsxcauvbwoghwddnkj/Build/Intermediates.noindex/XCBuildData/fd60698eb262d6ff358359ac28fff960.xcbuilddata
ClangStatCache /Applications/Xcode.app/Contents/Developer/Toolchains/XcodeDefault.xctoolchain/usr/bin/clang-stat-cache /Applications/Xcode.app/Contents/Developer/Platforms/MacOSX.platform/Developer/SDKs/MacOSX26.5.sdk /Users/chen/Library/Developer/Xcode/DerivedData/SDKStatCaches.noindex/macosx26.5-25F70-e082c4a02f00227109f4ed75e425c832.sdkstatcache
    cd /Users/chen/Documents/Assets/Pathstitch/Pathstitch/Pathstitch.xcodeproj
    /Applications/Xcode.app/Contents/Developer/Toolchains/XcodeDefault.xctoolchain/usr/bin/clang-stat-cache /Applications/Xcode.app/Contents/Developer/Platforms/MacOSX.platform/Developer/SDKs/MacOSX26.5.sdk -o /Users/chen/Library/Developer/Xcode/DerivedData/SDKStatCaches.noindex/macosx26.5-25F70-e082c4a02f00227109f4ed75e425c832.sdkstatcache

/Users/chen/Documents/Assets/Pathstitch/Pathstitch/Pathstitch.xcodeproj: warning: The Copy Bundle Resources build phase contains this target's Info.plist file '/Users/chen/Documents/Assets/Pathstitch/Pathstitch/DxfPreviewer/Info.plist'. (in target 'DxfPreviewer' from project 'Pathstitch')
ProcessInfoPlistFile /Users/chen/Library/Developer/Xcode/DerivedData/Pathstitch-ghqcdjgodjjsxcauvbwoghwddnkj/Build/Products/Debug/DxfPreviewer.appex/Contents/Info.plist /Users/chen/Documents/Assets/Pathstitch/Pathstitch/DxfPreviewer/Info.plist (in target 'DxfPreviewer' from project 'Pathstitch')
    cd /Users/chen/Documents/Assets/Pathstitch/Pathstitch
    builtin-infoPlistUtility /Users/chen/Documents/Assets/Pathstitch/Pathstitch/DxfPreviewer/Info.plist -producttype com.apple.product-type.app-extension -expandbuildsettings -platform macosx -o /Users/chen/Library/Developer/Xcode/DerivedData/Pathstitch-ghqcdjgodjjsxcauvbwoghwddnkj/Build/Products/Debug/DxfPreviewer.appex/Contents/Info.plist

ProcessInfoPlistFile /Users/chen/Library/Developer/Xcode/DerivedData/Pathstitch-ghqcdjgodjjsxcauvbwoghwddnkj/Build/Products/Debug/ZIPFoundation_ZIPFoundation.bundle/Contents/Info.plist /Users/chen/Library/Developer/Xcode/DerivedData/Pathstitch-ghqcdjgodjjsxcauvbwoghwddnkj/Build/Intermediates.noindex/ZIPFoundation.build/Debug/ZIPFoundation_ZIPFoundation.build/empty-ZIPFoundation_ZIPFoundation.plist (in target 'ZIPFoundation_ZIPFoundation' from project 'ZIPFoundation')
    cd /Users/chen/Library/Developer/Xcode/DerivedData/Pathstitch-ghqcdjgodjjsxcauvbwoghwddnkj/SourcePackages/checkouts/ZIPFoundation
    builtin-infoPlistUtility /Users/chen/Library/Developer/Xcode/DerivedData/Pathstitch-ghqcdjgodjjsxcauvbwoghwddnkj/Build/Intermediates.noindex/ZIPFoundation.build/Debug/ZIPFoundation_ZIPFoundation.build/empty-ZIPFoundation_ZIPFoundation.plist -producttype com.apple.product-type.bundle -expandbuildsettings -platform macosx -o /Users/chen/Library/Developer/Xcode/DerivedData/Pathstitch-ghqcdjgodjjsxcauvbwoghwddnkj/Build/Products/Debug/ZIPFoundation_ZIPFoundation.bundle/Contents/Info.plist

/Users/chen/Documents/Assets/Pathstitch/Pathstitch/Pathstitch.xcodeproj: warning: The Copy Bundle Resources build phase contains this target's Info.plist file '/Users/chen/Documents/Assets/Pathstitch/Pathstitch/Pathstitch/Info.plist'. (in target 'Pathstitch' from project 'Pathstitch')
SwiftDriver Pathstitch normal arm64 com.apple.xcode.tools.swift.compiler (in target 'Pathstitch' from project 'Pathstitch')
    cd /Users/chen/Documents/Assets/Pathstitch/Pathstitch
    builtin-SwiftDriver -- /Applications/Xcode.app/Contents/Developer/Toolchains/XcodeDefault.xctoolchain/usr/bin/swiftc -module-name Pathstitch -Onone @/Users/chen/Library/Developer/Xcode/DerivedData/Pathstitch-ghqcdjgodjjsxcauvbwoghwddnkj/Build/Intermediates.noindex/Pathstitch.build/Debug/Pathstitch.build/Objects-normal/arm64/Pathstitch.SwiftFileList -DDEBUG -default-isolation\=MainActor -enable-bare-slash-regex -enable-upcoming-feature DisableOutwardActorInference -enable-upcoming-feature InferSendableFromCaptures -enable-upcoming-feature GlobalActorIsolatedTypesUsability -enable-upcoming-feature MemberImportVisibility -enable-upcoming-feature InferIsolatedConformances -enable-upcoming-feature NonisolatedNonsendingByDefault -enable-experimental-feature DebugDescriptionMacro -sdk /Applications/Xcode.app/Contents/Developer/Platforms/MacOSX.platform/Developer/SDKs/MacOSX26.5.sdk -target arm64-apple-macos14.0 -g -module-cache-path /Users/chen/Library/Developer/Xcode/DerivedData/ModuleCache.noindex -Xfrontend -serialize-debugging-options -enable-testing -index-store-path /Users/chen/Library/Developer/Xcode/DerivedData/Pathstitch-ghqcdjgodjjsxcauvbwoghwddnkj/Index.noindex/DataStore -Xcc -D_LIBCPP_HARDENING_MODE\=_LIBCPP_HARDENING_MODE_DEBUG -swift-version 5 -I /Users/chen/Library/Developer/Xcode/DerivedData/Pathstitch-ghqcdjgodjjsxcauvbwoghwddnkj/Build/Products/Debug -F /Users/chen/Library/Developer/Xcode/DerivedData/Pathstitch-ghqcdjgodjjsxcauvbwoghwddnkj/Build/Products/Debug/PackageFrameworks -F /Users/chen/Library/Developer/Xcode/DerivedData/Pathstitch-ghqcdjgodjjsxcauvbwoghwddnkj/Build/Products/Debug -emit-localized-strings -emit-localized-strings-path /Users/chen/Library/Developer/Xcode/DerivedData/Pathstitch-ghqcdjgodjjsxcauvbwoghwddnkj/Build/Intermediates.noindex/Pathstitch.build/Debug/Pathstitch.build/Objects-normal/arm64 -c -j15 -enable-batch-mode -incremental -Xcc -ivfsstatcache -Xcc /Users/chen/Library/Developer/Xcode/DerivedData/SDKStatCaches.noindex/macosx26.5-25F70-e082c4a02f00227109f4ed75e425c832.sdkstatcache -output-file-map /Users/chen/Library/Developer/Xcode/DerivedData/Pathstitch-ghqcdjgodjjsxcauvbwoghwddnkj/Build/Intermediates.noindex/Pathstitch.build/Debug/Pathstitch.build/Objects-normal/arm64/Pathstitch-OutputFileMap.json -use-frontend-parseable-output -save-temps -no-color-diagnostics -explicit-module-build -module-cache-path /Users/chen/Library/Developer/Xcode/DerivedData/Pathstitch-ghqcdjgodjjsxcauvbwoghwddnkj/Build/Intermediates.noindex/SwiftExplicitPrecompiledModules -clang-scanner-module-cache-path /Users/chen/Library/Developer/Xcode/DerivedData/ModuleCache.noindex -sdk-module-cache-path /Users/chen/Library/Developer/Xcode/DerivedData/ModuleCache.noindex -serialize-diagnostics -emit-dependencies -emit-module -emit-module-path /Users/chen/Library/Developer/Xcode/DerivedData/Pathstitch-ghqcdjgodjjsxcauvbwoghwddnkj/Build/Intermediates.noindex/Pathstitch.build/Debug/Pathstitch.build/Objects-normal/arm64/Pathstitch.swiftmodule -validate-clang-modules-once -clang-build-session-file /Users/chen/Library/Developer/Xcode/DerivedData/ModuleCache.noindex/Session.modulevalidation -Xcc -I/Users/chen/Library/Developer/Xcode/DerivedData/Pathstitch-ghqcdjgodjjsxcauvbwoghwddnkj/Build/Intermediates.noindex/Pathstitch.build/Debug/Pathstitch.build/swift-overrides.hmap -emit-const-values -Xfrontend -const-gather-protocols-file -Xfrontend /Users/chen/Library/Developer/Xcode/DerivedData/Pathstitch-ghqcdjgodjjsxcauvbwoghwddnkj/Build/Intermediates.noindex/Pathstitch.build/Debug/Pathstitch.build/Objects-normal/arm64/Pathstitch_const_extract_protocols.json -Xcc -iquote -Xcc /Users/chen/Library/Developer/Xcode/DerivedData/Pathstitch-ghqcdjgodjjsxcauvbwoghwddnkj/Build/Intermediates.noindex/Pathstitch.build/Debug/Pathstitch.build/Pathstitch-generated-files.hmap -Xcc -I/Users/chen/Library/Developer/Xcode/DerivedData/Pathstitch-ghqcdjgodjjsxcauvbwoghwddnkj/Build/Intermediates.noindex/Pathstitch.build/Debug/Pathstitch.build/Pathstitch-own-target-headers.hmap -Xcc -I/Users/chen/Library/Developer/Xcode/DerivedData/Pathstitch-ghqcdjgodjjsxcauvbwoghwddnkj/Build/Intermediates.noindex/Pathstitch.build/Debug/Pathstitch.build/Pathstitch-all-non-framework-target-headers.hmap -Xcc -ivfsoverlay -Xcc /Users/chen/Library/Developer/Xcode/DerivedData/Pathstitch-ghqcdjgodjjsxcauvbwoghwddnkj/Build/Intermediates.noindex/Pathstitch.build/Debug/Pathstitch-ed2d3287d7f315efbfa9c75f9df5ff92-VFS/all-product-headers.yaml -Xcc -iquote -Xcc /Users/chen/Library/Developer/Xcode/DerivedData/Pathstitch-ghqcdjgodjjsxcauvbwoghwddnkj/Build/Intermediates.noindex/Pathstitch.build/Debug/Pathstitch.build/Pathstitch-project-headers.hmap -Xcc -I/Users/chen/Library/Developer/Xcode/DerivedData/Pathstitch-ghqcdjgodjjsxcauvbwoghwddnkj/Build/Products/Debug/include -Xcc -I/Users/chen/Library/Developer/Xcode/DerivedData/Pathstitch-ghqcdjgodjjsxcauvbwoghwddnkj/Build/Intermediates.noindex/Pathstitch.build/Debug/Pathstitch.build/DerivedSources-normal/arm64 -Xcc -I/Users/chen/Library/Developer/Xcode/DerivedData/Pathstitch-ghqcdjgodjjsxcauvbwoghwddnkj/Build/Intermediates.noindex/Pathstitch.build/Debug/Pathstitch.build/DerivedSources/arm64 -Xcc -I/Users/chen/Library/Developer/Xcode/DerivedData/Pathstitch-ghqcdjgodjjsxcauvbwoghwddnkj/Build/Intermediates.noindex/Pathstitch.build/Debug/Pathstitch.build/DerivedSources -Xcc -DDEBUG\=1 -emit-objc-header -emit-objc-header-path /Users/chen/Library/Developer/Xcode/DerivedData/Pathstitch-ghqcdjgodjjsxcauvbwoghwddnkj/Build/Intermediates.noindex/Pathstitch.build/Debug/Pathstitch.build/Objects-normal/arm64/Pathstitch-Swift.h -working-directory /Users/chen/Documents/Assets/Pathstitch/Pathstitch -experimental-emit-module-separately -disable-cmo

ProcessInfoPlistFile /Users/chen/Library/Developer/Xcode/DerivedData/Pathstitch-ghqcdjgodjjsxcauvbwoghwddnkj/Build/Products/Debug/PathstitchThumbnail.appex/Contents/Info.plist /Users/chen/Documents/Assets/Pathstitch/Pathstitch/PathstitchThumbnail/Info.plist (in target 'PathstitchThumbnail' from project 'Pathstitch')
    cd /Users/chen/Documents/Assets/Pathstitch/Pathstitch
    builtin-infoPlistUtility /Users/chen/Documents/Assets/Pathstitch/Pathstitch/PathstitchThumbnail/Info.plist -producttype com.apple.product-type.app-extension -expandbuildsettings -platform macosx -o /Users/chen/Library/Developer/Xcode/DerivedData/Pathstitch-ghqcdjgodjjsxcauvbwoghwddnkj/Build/Products/Debug/PathstitchThumbnail.appex/Contents/Info.plist

SwiftEmitModule normal arm64 Emitting\ module\ for\ Pathstitch (in target 'Pathstitch' from project 'Pathstitch')

EmitSwiftModule normal arm64 (in target 'Pathstitch' from project 'Pathstitch')
    cd /Users/chen/Documents/Assets/Pathstitch/Pathstitch
    

SwiftCompile normal arm64 Compiling\ AppState.swift /Users/chen/Documents/Assets/Pathstitch/Pathstitch/Pathstitch/App/AppState.swift (in target 'Pathstitch' from project 'Pathstitch')
SwiftCompile normal arm64 /Users/chen/Documents/Assets/Pathstitch/Pathstitch/Pathstitch/App/AppState.swift (in target 'Pathstitch' from project 'Pathstitch')
    cd /Users/chen/Documents/Assets/Pathstitch/Pathstitch
    
/Users/chen/Documents/Assets/Pathstitch/Pathstitch/Pathstitch/App/AppState.swift:1724:19: warning: immutable value 'url' was never used; consider replacing with '_' or removing it
              let url = currentFilePath else { return }
              ~~~~^~~
              _
/Users/chen/Documents/Assets/Pathstitch/Pathstitch/Pathstitch/App/AppState.swift:2179:21: warning: immutable value 'res' was never used; consider removing it
                let res: [String: Any]
                    ^
/Users/chen/Documents/Assets/Pathstitch/Pathstitch/Pathstitch/App/AppState.swift:2565:25: warning: 'addEntry(with:type:uncompressedSize:modificationDate:permissions:compressionMethod:bufferSize:progress:provider:)' is deprecated: Please use `Int64` for `uncompressedSize` and provider `position`. `Int` for `bufferSize`.
            try archive.addEntry(with: "project.json", type: .file, uncompressedSize: UInt32(jsonData.count), provider: { (position, size) -> Data in
                        ^
/Users/chen/Documents/Assets/Pathstitch/Pathstitch/Pathstitch/App/AppState.swift:2571:29: warning: 'addEntry(with:type:uncompressedSize:modificationDate:permissions:compressionMethod:bufferSize:progress:provider:)' is deprecated: Please use `Int64` for `uncompressedSize` and provider `position`. `Int` for `bufferSize`.
                try archive.addEntry(with: "preview.png", type: .file, uncompressedSize: UInt32(previewData.count), provider: { (position, size) -> Data in
                            ^
/Users/chen/Documents/Assets/Pathstitch/Pathstitch/Pathstitch/App/AppState.swift:2598:35: warning: 'init(url:accessMode:preferredEncoding:)' is deprecated: Please use the throwing initializer.
            if let archive = try? Archive(url: url, accessMode: .read) {
                                  ^
/Users/chen/Documents/Assets/Pathstitch/Pathstitch/Pathstitch/App/AppState.swift:2598:30: warning: no calls to throwing functions occur within 'try' expression
            if let archive = try? Archive(url: url, accessMode: .read) {
                             ^
/Users/chen/Documents/Assets/Pathstitch/Pathstitch/Pathstitch/App/AppState.swift:2757:35: warning: 'init(url:accessMode:preferredEncoding:)' is deprecated: Please use the throwing initializer.
            if let archive = try? Archive(url: url, accessMode: .read) {
                                  ^
/Users/chen/Documents/Assets/Pathstitch/Pathstitch/Pathstitch/App/AppState.swift:2757:30: warning: no calls to throwing functions occur within 'try' expression
            if let archive = try? Archive(url: url, accessMode: .read) {
                             ^

SwiftCompile normal arm64 Compiling\ ContentView.swift /Users/chen/Documents/Assets/Pathstitch/Pathstitch/Pathstitch/ContentView.swift (in target 'Pathstitch' from project 'Pathstitch')
SwiftCompile normal arm64 /Users/chen/Documents/Assets/Pathstitch/Pathstitch/Pathstitch/ContentView.swift (in target 'Pathstitch' from project 'Pathstitch')
    cd /Users/chen/Documents/Assets/Pathstitch/Pathstitch
    
/Users/chen/Documents/Assets/Pathstitch/Pathstitch/Pathstitch/ContentView.swift:207:10: warning: 'onChange(of:perform:)' was deprecated in macOS 14.0: Use `onChange` with a two or zero parameter action closure instead.
        .onChange(of: state.selectedHandles) { _ in state.updateLivePreview() }
         ^
/Users/chen/Documents/Assets/Pathstitch/Pathstitch/Pathstitch/ContentView.swift:208:10: warning: 'onChange(of:perform:)' was deprecated in macOS 14.0: Use `onChange` with a two or zero parameter action closure instead.
        .onChange(of: state.currentTool) { _ in state.updateLivePreview() }
         ^
/Users/chen/Documents/Assets/Pathstitch/Pathstitch/Pathstitch/ContentView.swift:209:10: warning: 'onChange(of:perform:)' was deprecated in macOS 14.0: Use `onChange` with a two or zero parameter action closure instead.
        .onChange(of: state.offsetDistance) { _ in state.updateLivePreview() }
         ^
/Users/chen/Documents/Assets/Pathstitch/Pathstitch/Pathstitch/ContentView.swift:210:10: warning: 'onChange(of:perform:)' was deprecated in macOS 14.0: Use `onChange` with a two or zero parameter action closure instead.
        .onChange(of: state.offsetSide) { _ in state.updateLivePreview() }
         ^
/Users/chen/Documents/Assets/Pathstitch/Pathstitch/Pathstitch/ContentView.swift:211:10: warning: 'onChange(of:perform:)' was deprecated in macOS 14.0: Use `onChange` with a two or zero parameter action closure instead.
        .onChange(of: state.holeOffsetDistance) { _ in state.updateLivePreview() }
         ^
/Users/chen/Documents/Assets/Pathstitch/Pathstitch/Pathstitch/ContentView.swift:212:10: warning: 'onChange(of:perform:)' was deprecated in macOS 14.0: Use `onChange` with a two or zero parameter action closure instead.
        .onChange(of: state.holeDiameter) { _ in state.updateLivePreview() }
         ^
/Users/chen/Documents/Assets/Pathstitch/Pathstitch/Pathstitch/ContentView.swift:213:10: warning: 'onChange(of:perform:)' was deprecated in macOS 14.0: Use `onChange` with a two or zero parameter action closure instead.
        .onChange(of: state.holeSpacing) { _ in state.updateLivePreview() }
         ^
/Users/chen/Documents/Assets/Pathstitch/Pathstitch/Pathstitch/ContentView.swift:214:10: warning: 'onChange(of:perform:)' was deprecated in macOS 14.0: Use `onChange` with a two or zero parameter action closure instead.
        .onChange(of: state.holePattern) { _ in state.updateLivePreview() }
         ^
/Users/chen/Documents/Assets/Pathstitch/Pathstitch/Pathstitch/ContentView.swift:215:10: warning: 'onChange(of:perform:)' was deprecated in macOS 14.0: Use `onChange` with a two or zero parameter action closure instead.
        .onChange(of: state.holeCornerBehavior) { _ in state.updateLivePreview() }
         ^
/Users/chen/Documents/Assets/Pathstitch/Pathstitch/Pathstitch/ContentView.swift:216:10: warning: 'onChange(of:perform:)' was deprecated in macOS 14.0: Use `onChange` with a two or zero parameter action closure instead.
        .onChange(of: state.holeSide) { _ in state.updateLivePreview() }
         ^
/Users/chen/Documents/Assets/Pathstitch/Pathstitch/Pathstitch/ContentView.swift:217:10: warning: 'onChange(of:perform:)' was deprecated in macOS 14.0: Use `onChange` with a two or zero parameter action closure instead.
        .onChange(of: state.holeRowSpacing) { _ in state.updateLivePreview() }
         ^
/Users/chen/Documents/Assets/Pathstitch/Pathstitch/Pathstitch/ContentView.swift:218:10: warning: 'onChange(of:perform:)' was deprecated in macOS 14.0: Use `onChange` with a two or zero parameter action closure instead.
        .onChange(of: state.holeEnableVariableSpacing) { _ in state.updateLivePreview() }
         ^
/Users/chen/Documents/Assets/Pathstitch/Pathstitch/Pathstitch/ContentView.swift:219:10: warning: 'onChange(of:perform:)' was deprecated in macOS 14.0: Use `onChange` with a two or zero parameter action closure instead.
        .onChange(of: state.holeEnableProximityFilter) { _ in state.updateLivePreview() }
         ^
/Users/chen/Documents/Assets/Pathstitch/Pathstitch/Pathstitch/ContentView.swift:220:10: warning: 'onChange(of:perform:)' was deprecated in macOS 14.0: Use `onChange` with a two or zero parameter action closure instead.
        .onChange(of: state.holeEnableCornerInterpolation) { _ in state.updateLivePreview() }
         ^
/Users/chen/Documents/Assets/Pathstitch/Pathstitch/Pathstitch/ContentView.swift:540:30: warning: 'onChange(of:perform:)' was deprecated in macOS 14.0: Use `onChange` with a two or zero parameter action closure instead.
                            .onChange(of: selectedExistingLayer) { val in
                             ^
/Users/chen/Documents/Assets/Pathstitch/Pathstitch/Pathstitch/ContentView.swift:2148:56: error: type 'Array<Edge>.ArrayLiteralElement' (aka 'Edge') has no member 'all'
                            .border(width: 1, edges: [.all], color: Color.border_subtle.opacity(0.5))
                                                      ~^~~

Failed frontend command:
/Applications/Xcode.app/Contents/Developer/Toolchains/XcodeDefault.xctoolchain/usr/bin/swift-frontend -frontend -c /Users/chen/Documents/Assets/Pathstitch/Pathstitch/Pathstitch/App/AppState.swift /Users/chen/Documents/Assets/Pathstitch/Pathstitch/Pathstitch/Bridge/PythonBridge.swift /Users/chen/Documents/Assets/Pathstitch/Pathstitch/Pathstitch/Design/DesignTokens.swift /Users/chen/Documents/Assets/Pathstitch/Pathstitch/Pathstitch/Modes/BatchMode/BatchModeView.swift /Users/chen/Documents/Assets/Pathstitch/Pathstitch/Pathstitch/Modes/ThreeDMode/ThreeDModeView.swift /Users/chen/Documents/Assets/Pathstitch/Pathstitch/Pathstitch/Modes/ThreeDMode/ThreeDViewport.swift /Users/chen/Documents/Assets/Pathstitch/Pathstitch/DxfPreviewer/DxfParser.swift /Users/chen/Documents/Assets/Pathstitch/Pathstitch/DxfPreviewer/PreviewProvider.swift /Users/chen/Documents/Assets/Pathstitch/Pathstitch/Pathstitch/Modes/TwoDMode/DxfCanvasView.swift /Users/chen/Documents/Assets/Pathstitch/Pathstitch/Pathstitch/Welcome/PathstitchThumbnailLoader.swift /Users/chen/Documents/Assets/Pathstitch/Pathstitch/Pathstitch/Welcome/WelcomeState.swift /Users/chen/Documents/Assets/Pathstitch/Pathstitch/Pathstitch/Welcome/WelcomeView.swift /Users/chen/Documents/Assets/Pathstitch/Pathstitch/Pathstitch/Welcome/WelcomeWindowController.swift /Users/chen/Documents/Assets/Pathstitch/Pathstitch/Pathstitch/Welcome/WindowManager.swift -primary-file /Users/chen/Documents/Assets/Pathstitch/Pathstitch/Pathstitch/ContentView.swift /Users/chen/Documents/Assets/Pathstitch/Pathstitch/Pathstitch/HelpView.swift /Users/chen/Documents/Assets/Pathstitch/Pathstitch/Pathstitch/PathstitchApp.swift /Users/chen/Library/Developer/Xcode/DerivedData/Pathstitch-ghqcdjgodjjsxcauvbwoghwddnkj/Build/Intermediates.noindex/Pathstitch.build/Debug/Pathstitch.build/DerivedSources/GeneratedAssetSymbols.swift -emit-dependencies-path /Users/chen/Library/Developer/Xcode/DerivedData/Pathstitch-ghqcdjgodjjsxcauvbwoghwddnkj/Build/Intermediates.noindex/Pathstitch.build/Debug/Pathstitch.build/Objects-normal/arm64/ContentView.d -emit-const-values-path /Users/chen/Library/Developer/Xcode/DerivedData/Pathstitch-ghqcdjgodjjsxcauvbwoghwddnkj/Build/Intermediates.noindex/Pathstitch.build/Debug/Pathstitch.build/Objects-normal/arm64/ContentView.swiftconstvalues -emit-reference-dependencies-path /Users/chen/Library/Developer/Xcode/DerivedData/Pathstitch-ghqcdjgodjjsxcauvbwoghwddnkj/Build/Intermediates.noindex/Pathstitch.build/Debug/Pathstitch.build/Objects-normal/arm64/ContentView.swiftdeps -serialize-diagnostics-path /Users/chen/Library/Developer/Xcode/DerivedData/Pathstitch-ghqcdjgodjjsxcauvbwoghwddnkj/Build/Intermediates.noindex/Pathstitch.build/Debug/Pathstitch.build/Objects-normal/arm64/ContentView.dia -emit-localized-strings -emit-localized-strings-path /Users/chen/Library/Developer/Xcode/DerivedData/Pathstitch-ghqcdjgodjjsxcauvbwoghwddnkj/Build/Intermediates.noindex/Pathstitch.build/Debug/Pathstitch.build/Objects-normal/arm64 -target arm64-apple-macos14.0 -module-can-import-version AppKit 2685.60.104 2685.60.104 -module-can-import-version DeveloperToolsSupport 23.40.26 23.40.26 -module-can-import-version SwiftUI 7.5.3 7.5.3 -disable-cross-import-overlay-search -swift-module-cross-import QuickLook /Applications/Xcode.app/Contents/Developer/Platforms/MacOSX.platform/Developer/SDKs/MacOSX.sdk/System/Library/Frameworks/QuickLook.framework/Modules/QuickLook.swiftcrossimport/SwiftUI.swiftoverlay -swift-module-cross-import WebKit /Applications/Xcode.app/Contents/Developer/Platforms/MacOSX.platform/Developer/SDKs/MacOSX.sdk/System/Cryptexes/OS/System/Library/Frameworks/WebKit.framework/Modules/WebKit.swiftcrossimport/SwiftUI.swiftoverlay -swift-module-cross-import WebKit /Applications/Xcode.app/Contents/Developer/Platforms/MacOSX.platform/Developer/SDKs/MacOSX26.5.sdk/System/Library/Frameworks/WebKit.framework/Modules/WebKit.swiftcrossimport/SwiftUI.swiftoverlay -load-resolved-plugin /Applications/Xcode.app/Contents/Developer/Platforms/MacOSX.platform/Developer/usr/lib/swift/host/plugins/libFoundationMacros.dylib\#/Applications/Xcode.app/Contents/Developer/Platforms/MacOSX.platform/Developer/usr/bin/swift-plugin-server\#FoundationMacros -load-resolved-plugin /Applications/Xcode.app/Contents/Developer/Platforms/MacOSX.platform/Developer/usr/lib/swift/host/plugins/libObservationMacros.dylib\#/Applications/Xcode.app/Contents/Developer/Platforms/MacOSX.platform/Developer/usr/bin/swift-plugin-server\#ObservationMacros -load-resolved-plugin /Applications/Xcode.app/Contents/Developer/Platforms/MacOSX.platform/Developer/usr/lib/swift/host/plugins/libPreviewsMacros.dylib\#/Applications/Xcode.app/Contents/Developer/Platforms/MacOSX.platform/Developer/usr/bin/swift-plugin-server\#PreviewsMacros -load-resolved-plugin /Applications/Xcode.app/Contents/Developer/Platforms/MacOSX.platform/Developer/usr/lib/swift/host/plugins/libSwiftMacros.dylib\#/Applications/Xcode.app/Contents/Developer/Platforms/MacOSX.platform/Developer/usr/bin/swift-plugin-server\#SwiftMacros -load-resolved-plugin /Applications/Xcode.app/Contents/Developer/Platforms/MacOSX.platform/Developer/usr/lib/swift/host/plugins/libSwiftUIMacros.dylib\#/Applications/Xcode.app/Contents/Developer/Platforms/MacOSX.platform/Developer/usr/bin/swift-plugin-server\#SwiftUIMacros -disable-implicit-swift-modules -Xcc -fno-implicit-modules -Xcc -fno-implicit-module-maps -explicit-swift-module-map-file /Users/chen/Library/Developer/Xcode/DerivedData/Pathstitch-ghqcdjgodjjsxcauvbwoghwddnkj/Build/Intermediates.noindex/Pathstitch.build/Debug/Pathstitch.build/Objects-normal/arm64/Pathstitch-dependencies-1.json -debug-module-path /Users/chen/Library/Developer/Xcode/DerivedData/Pathstitch-ghqcdjgodjjsxcauvbwoghwddnkj/Build/Intermediates.noindex/Pathstitch.build/Debug/Pathstitch.build/Objects-normal/arm64/Pathstitch.swiftmodule -Xllvm -aarch64-use-tbi -enable-objc-interop -stack-check -sdk /Applications/Xcode.app/Contents/Developer/Platforms/MacOSX.platform/Developer/SDKs/MacOSX26.5.sdk -I /Users/chen/Library/Developer/Xcode/DerivedData/Pathstitch-ghqcdjgodjjsxcauvbwoghwddnkj/Build/Products/Debug -F /Users/chen/Library/Developer/Xcode/DerivedData/Pathstitch-ghqcdjgodjjsxcauvbwoghwddnkj/Build/Products/Debug/PackageFrameworks -F /Users/chen/Library/Developer/Xcode/DerivedData/Pathstitch-ghqcdjgodjjsxcauvbwoghwddnkj/Build/Products/Debug -no-color-diagnostics -Xcc -fno-color-diagnostics -enable-testing -g -debug-info-format\=dwarf -dwarf-version\=4 -module-cache-path /Users/chen/Library/Developer/Xcode/DerivedData/Pathstitch-ghqcdjgodjjsxcauvbwoghwddnkj/Build/Intermediates.noindex/SwiftExplicitPrecompiledModules -swift-version 5 -Onone -D DEBUG -serialize-debugging-options -const-gather-protocols-file /Users/chen/Library/Developer/Xcode/DerivedData/Pathstitch-ghqcdjgodjjsxcauvbwoghwddnkj/Build/Intermediates.noindex/Pathstitch.build/Debug/Pathstitch.build/Objects-normal/arm64/Pathstitch_const_extract_protocols.json -enable-upcoming-feature DisableOutwardActorInference -enable-upcoming-feature InferSendableFromCaptures -enable-upcoming-feature GlobalActorIsolatedTypesUsability -enable-upcoming-feature MemberImportVisibility -enable-upcoming-feature InferIsolatedConformances -enable-upcoming-feature NonisolatedNonsendingByDefault -enable-experimental-feature DebugDescriptionMacro -enable-bare-slash-regex -default-isolation\=MainActor -empty-abi-descriptor -validate-clang-modules-once -clang-build-session-file /Users/chen/Library/Developer/Xcode/DerivedData/ModuleCache.noindex/Session.modulevalidation -Xcc -working-directory -Xcc /Users/chen/Documents/Assets/Pathstitch/Pathstitch -enable-anonymous-context-mangled-names -file-compilation-dir /Users/chen/Documents/Assets/Pathstitch/Pathstitch -Xcc -D_LIBCPP_HARDENING_MODE\=_LIBCPP_HARDENING_MODE_DEBUG -Xcc -ivfsstatcache -Xcc /Users/chen/Library/Developer/Xcode/DerivedData/SDKStatCaches.noindex/macosx26.5-25F70-e082c4a02f00227109f4ed75e425c832.sdkstatcache -Xcc -I/Users/chen/Library/Developer/Xcode/DerivedData/Pathstitch-ghqcdjgodjjsxcauvbwoghwddnkj/Build/Intermediates.noindex/Pathstitch.build/Debug/Pathstitch.build/swift-overrides.hmap -Xcc -iquote -Xcc /Users/chen/Library/Developer/Xcode/DerivedData/Pathstitch-ghqcdjgodjjsxcauvbwoghwddnkj/Build/Intermediates.noindex/Pathstitch.build/Debug/Pathstitch.build/Pathstitch-generated-files.hmap -Xcc -I/Users/chen/Library/Developer/Xcode/DerivedData/Pathstitch-ghqcdjgodjjsxcauvbwoghwddnkj/Build/Intermediates.noindex/Pathstitch.build/Debug/Pathstitch.build/Pathstitch-own-target-headers.hmap -Xcc -I/Users/chen/Library/Developer/Xcode/DerivedData/Pathstitch-ghqcdjgodjjsxcauvbwoghwddnkj/Build/Intermediates.noindex/Pathstitch.build/Debug/Pathstitch.build/Pathstitch-all-non-framework-target-headers.hmap -Xcc -ivfsoverlay -Xcc /Users/chen/Library/Developer/Xcode/DerivedData/Pathstitch-ghqcdjgodjjsxcauvbwoghwddnkj/Build/Intermediates.noindex/Pathstitch.build/Debug/Pathstitch-ed2d3287d7f315efbfa9c75f9df5ff92-VFS/all-product-headers.yaml -Xcc -iquote -Xcc /Users/chen/Library/Developer/Xcode/DerivedData/Pathstitch-ghqcdjgodjjsxcauvbwoghwddnkj/Build/Intermediates.noindex/Pathstitch.build/Debug/Pathstitch.build/Pathstitch-project-headers.hmap -Xcc -I/Users/chen/Library/Developer/Xcode/DerivedData/Pathstitch-ghqcdjgodjjsxcauvbwoghwddnkj/Build/Products/Debug/include -Xcc -I/Users/chen/Library/Developer/Xcode/DerivedData/Pathstitch-ghqcdjgodjjsxcauvbwoghwddnkj/Build/Intermediates.noindex/Pathstitch.build/Debug/Pathstitch.build/DerivedSources-normal/arm64 -Xcc -I/Users/chen/Library/Developer/Xcode/DerivedData/Pathstitch-ghqcdjgodjjsxcauvbwoghwddnkj/Build/Intermediates.noindex/Pathstitch.build/Debug/Pathstitch.build/DerivedSources/arm64 -Xcc -I/Users/chen/Library/Developer/Xcode/DerivedData/Pathstitch-ghqcdjgodjjsxcauvbwoghwddnkj/Build/Intermediates.noindex/Pathstitch.build/Debug/Pathstitch.build/DerivedSources -Xcc -DDEBUG\=1 -no-auto-bridging-header-chaining -module-name Pathstitch -frontend-parseable-output -disable-clang-spi -clang-target arm64-apple-macos26.5 -target-sdk-version 26.5 -target-sdk-name macosx26.5 -in-process-plugin-server-path /Applications/Xcode.app/Contents/Developer/Toolchains/XcodeDefault.xctoolchain/usr/lib/swift/host/libSwiftInProcPluginServer.dylib -o /Users/chen/Library/Developer/Xcode/DerivedData/Pathstitch-ghqcdjgodjjsxcauvbwoghwddnkj/Build/Intermediates.noindex/Pathstitch.build/Debug/Pathstitch.build/Objects-normal/arm64/ContentView.o -index-unit-output-path /Pathstitch.build/Debug/Pathstitch.build/Objects-normal/arm64/ContentView.o -index-store-path /Users/chen/Library/Developer/Xcode/DerivedData/Pathstitch-ghqcdjgodjjsxcauvbwoghwddnkj/Index.noindex/DataStore -index-system-modules
SwiftDriverJobDiscovery normal arm64 Compiling AppState.swift (in target 'Pathstitch' from project 'Pathstitch')

/Users/chen/Documents/Assets/Pathstitch/Pathstitch/Pathstitch.xcodeproj: warning: The Copy Bundle Resources build phase contains this target's Info.plist file '/Users/chen/Documents/Assets/Pathstitch/Pathstitch/PathstitchThumbnail/Info.plist'. (in target 'PathstitchThumbnail' from project 'Pathstitch')
